<?xml version="1.0" encoding="UTF-8"?>
<testsuite name="searchalgorithms.BinarySearchTest" tests="4" skipped="0" failures="0" errors="0" timestamp="2019-06-29T13:34:16" hostname="DESKTOP-64TJFRF" time="0.003">
  <properties/>
  <testcase name="testIndexOfNumberDoesNotExistIterative" classname="searchalgorithms.BinarySearchTest" time="0.002"/>
  <testcase name="testIndexOfNumberIterative" classname="searchalgorithms.BinarySearchTest" time="0.0"/>
  <testcase name="testIndexOfNumberDoesNotExistRecursively" classname="searchalgorithms.BinarySearchTest" time="0.0"/>
  <testcase name="testIndexOfNumberRecursively" classname="searchalgorithms.BinarySearchTest" time="0.0"/>
  <system-out><![CDATA[]]></system-out>
  <system-err><![CDATA[]]></system-err>
</testsuite>
